<?xml version="1.0" encoding="UTF-8"?>
<!-- Generated by org.testng.reporters.JUnitReportReporter -->
<testsuite skipped="0" hostname="WKWIN5337880" name="testMethods.TestMethod" tests="2" failures="0" timestamp="27 Mar 2019 14:35:40 GMT" time="21.360" errors="0">
  <testcase name="validateErrorMessage" time="11.216" classname="testMethods.TestMethod"/>
  <testcase name="validateData" time="10.144" classname="testMethods.TestMethod"/>
</testsuite> <!-- testMethods.TestMethod -->
